[debug] [2020-09-22T19:34:33.802Z] ----------------------------------------------------------------------
[debug] [2020-09-22T19:34:33.804Z] Command:       C:\Program Files\nodejs\node.exe C:\Users\rober\AppData\Roaming\npm\node_modules\firebase-tools\lib\bin\firebase.js serve
[debug] [2020-09-22T19:34:33.804Z] CLI Version:   8.10.0
[debug] [2020-09-22T19:34:33.804Z] Platform:      win32
[debug] [2020-09-22T19:34:33.804Z] Node Version:  v12.18.3
[debug] [2020-09-22T19:34:33.805Z] Time:          Tue Sep 22 2020 21:34:33 GMT+0200 (GMT+02:00)
[debug] [2020-09-22T19:34:33.805Z] ----------------------------------------------------------------------
[debug] [2020-09-22T19:34:33.805Z] 
[debug] [2020-09-22T19:34:33.810Z] > command requires scopes: ["email","openid","https://www.googleapis.com/auth/cloudplatformprojects.readonly","https://www.googleapis.com/auth/firebase","https://www.googleapis.com/auth/cloud-platform"]
[debug] [2020-09-22T19:34:33.810Z] > authorizing via signed-in user
[debug] [2020-09-22T19:34:33.810Z] [iam] checking project egetapi for permissions ["firebase.projects.get"]
[debug] [2020-09-22T19:34:33.812Z] >>> HTTP REQUEST POST https://cloudresourcemanager.googleapis.com/v1/projects/egetapi:testIamPermissions  
 {"permissions":["firebase.projects.get"]}
[debug] [2020-09-22T19:34:34.582Z] <<< HTTP RESPONSE 200 {"content-type":"application/json; charset=UTF-8","vary":"X-Origin, Referer, Origin,Accept-Encoding","date":"Tue, 22 Sep 2020 19:34:35 GMT","server":"ESF","cache-control":"private","x-xss-protection":"0","x-frame-options":"SAMEORIGIN","x-content-type-options":"nosniff","server-timing":"gfet4t7; dur=726","alt-svc":"h3-Q050=\":443\"; ma=2592000,h3-29=\":443\"; ma=2592000,h3-27=\":443\"; ma=2592000,h3-T051=\":443\"; ma=2592000,h3-T050=\":443\"; ma=2592000,h3-Q046=\":443\"; ma=2592000,h3-Q043=\":443\"; ma=2592000,quic=\":443\"; ma=2592000; v=\"46,43\"","accept-ranges":"none","transfer-encoding":"chunked"}
[debug] [2020-09-22T19:34:34.583Z] >>> HTTP REQUEST GET https://firebase.googleapis.com/v1beta1/projects/egetapi  
 
[debug] [2020-09-22T19:34:34.804Z] <<< HTTP RESPONSE 200 {"content-type":"application/json; charset=UTF-8","vary":"X-Origin, Referer, Origin,Accept-Encoding","date":"Tue, 22 Sep 2020 19:34:35 GMT","server":"ESF","cache-control":"private","x-xss-protection":"0","x-frame-options":"SAMEORIGIN","x-content-type-options":"nosniff","alt-svc":"h3-Q050=\":443\"; ma=2592000,h3-29=\":443\"; ma=2592000,h3-27=\":443\"; ma=2592000,h3-T051=\":443\"; ma=2592000,h3-T050=\":443\"; ma=2592000,h3-Q046=\":443\"; ma=2592000,h3-Q043=\":443\"; ma=2592000,quic=\":443\"; ma=2592000; v=\"46,43\"","accept-ranges":"none","transfer-encoding":"chunked"}
[info] 
[info] === Serving from 'C:\Users\rober\OneDrive\Desktop\Kod\Skola\EgetAPI'...
[info] 
[warn] !  Your requested "node" version "10" doesn't match your global version "12" {"metadata":{"emulator":{"name":"functions"},"message":"Your requested \"node\" version \"10\" doesn't match your global version \"12\""}}
[debug] [2020-09-22T19:34:36.815Z] defaultcredentials: writing to file C:\Users\rober\AppData\Roaming\firebase\robert_sundin1996_gmail.com_application_default_credentials.json
[debug] [2020-09-22T19:34:36.816Z] Setting GAC to C:\Users\rober\AppData\Roaming\firebase\robert_sundin1996_gmail.com_application_default_credentials.json {"metadata":{"emulator":{"name":"functions"},"message":"Setting GAC to C:\\Users\\rober\\AppData\\Roaming\\firebase\\robert_sundin1996_gmail.com_application_default_credentials.json"}}
[info] i  functions: Watching "C:\Users\rober\OneDrive\Desktop\Kod\Skola\EgetAPI\functions" for Cloud Functions... {"metadata":{"emulator":{"name":"functions"},"message":"Watching \"C:\\Users\\rober\\OneDrive\\Desktop\\Kod\\Skola\\EgetAPI\\functions\" for Cloud Functions..."}}
[debug] [2020-09-22T19:34:36.828Z] [worker-pool] addWorker(~diagnostic~) {"metadata":{"emulator":{"name":"functions"},"message":"[worker-pool] addWorker(~diagnostic~)"}}
[debug] [2020-09-22T19:34:36.828Z] [worker-pool] Adding worker with key ~diagnostic~, total=1 {"metadata":{"emulator":{"name":"functions"},"message":"[worker-pool] Adding worker with key ~diagnostic~, total=1"}}
[debug] [2020-09-22T19:34:36.828Z] [worker-pool] submitWork(triggerId=) {"metadata":{"emulator":{"name":"functions"},"message":"[worker-pool] submitWork(triggerId=)"}}
[debug] [2020-09-22T19:34:36.828Z] [worker-~diagnostic~-3fcb1583-e2e2-4efa-b820-d5a9b1b280a8]: Assigning socketPath: \\?\pipe\C:\Users\rober\OneDrive\Desktop\Kod\Skola\EgetAPI\functions\1136 {"metadata":{"emulator":{"name":"functions"},"message":"[worker-~diagnostic~-3fcb1583-e2e2-4efa-b820-d5a9b1b280a8]: Assigning socketPath: \\\\?\\pipe\\C:\\Users\\rober\\OneDrive\\Desktop\\Kod\\Skola\\EgetAPI\\functions\\1136"}}
[debug] [2020-09-22T19:34:36.828Z] [worker-~diagnostic~-3fcb1583-e2e2-4efa-b820-d5a9b1b280a8]: BUSY {"metadata":{"emulator":{"name":"functions"},"message":"[worker-~diagnostic~-3fcb1583-e2e2-4efa-b820-d5a9b1b280a8]: BUSY"}}
[debug] [2020-09-22T19:34:37.099Z] [runtime-status] [1136] Functions runtime initialized. {"cwd":"C:\\Users\\rober\\OneDrive\\Desktop\\Kod\\Skola\\EgetAPI\\functions","node_version":"12.18.3"} {"metadata":{"emulator":{"name":"functions"},"message":"[runtime-status] [1136] Functions runtime initialized. {\"cwd\":\"C:\\\\Users\\\\rober\\\\OneDrive\\\\Desktop\\\\Kod\\\\Skola\\\\EgetAPI\\\\functions\",\"node_version\":\"12.18.3\"}"}}
[debug] [2020-09-22T19:34:37.100Z] [runtime-status] [1136] Disabled runtime features: undefined {"metadata":{"emulator":{"name":"functions"},"message":"[runtime-status] [1136] Disabled runtime features: undefined"}}
[debug] [2020-09-22T19:34:37.103Z] [runtime-status] [1136] Resolved module firebase-admin {"declared":true,"installed":true,"version":"8.13.0","resolution":"C:\\Users\\rober\\OneDrive\\Desktop\\Kod\\Skola\\EgetAPI\\functions\\node_modules\\firebase-admin\\lib\\index.js"} {"metadata":{"emulator":{"name":"functions"},"message":"[runtime-status] [1136] Resolved module firebase-admin {\"declared\":true,\"installed\":true,\"version\":\"8.13.0\",\"resolution\":\"C:\\\\Users\\\\rober\\\\OneDrive\\\\Desktop\\\\Kod\\\\Skola\\\\EgetAPI\\\\functions\\\\node_modules\\\\firebase-admin\\\\lib\\\\index.js\"}"}}
[debug] [2020-09-22T19:34:37.105Z] [runtime-status] [1136] Resolved module firebase-functions {"declared":true,"installed":true,"version":"3.11.0","resolution":"C:\\Users\\rober\\OneDrive\\Desktop\\Kod\\Skola\\EgetAPI\\functions\\node_modules\\firebase-functions\\lib\\index.js"} {"metadata":{"emulator":{"name":"functions"},"message":"[runtime-status] [1136] Resolved module firebase-functions {\"declared\":true,\"installed\":true,\"version\":\"3.11.0\",\"resolution\":\"C:\\\\Users\\\\rober\\\\OneDrive\\\\Desktop\\\\Kod\\\\Skola\\\\EgetAPI\\\\functions\\\\node_modules\\\\firebase-functions\\\\lib\\\\index.js\"}"}}
[debug] [2020-09-22T19:34:37.106Z] [runtime-status] [1136] Resolved module firebase-functions {"declared":true,"installed":true,"version":"3.11.0","resolution":"C:\\Users\\rober\\OneDrive\\Desktop\\Kod\\Skola\\EgetAPI\\functions\\node_modules\\firebase-functions\\lib\\index.js"} {"metadata":{"emulator":{"name":"functions"},"message":"[runtime-status] [1136] Resolved module firebase-functions {\"declared\":true,\"installed\":true,\"version\":\"3.11.0\",\"resolution\":\"C:\\\\Users\\\\rober\\\\OneDrive\\\\Desktop\\\\Kod\\\\Skola\\\\EgetAPI\\\\functions\\\\node_modules\\\\firebase-functions\\\\lib\\\\index.js\"}"}}
[debug] [2020-09-22T19:34:37.107Z] [runtime-status] [1136] Outgoing network have been stubbed. [{"name":"http","status":"mocked"},{"name":"http","status":"mocked"},{"name":"https","status":"mocked"},{"name":"https","status":"mocked"},{"name":"net","status":"mocked"}] {"metadata":{"emulator":{"name":"functions"},"message":"[runtime-status] [1136] Outgoing network have been stubbed. [{\"name\":\"http\",\"status\":\"mocked\"},{\"name\":\"http\",\"status\":\"mocked\"},{\"name\":\"https\",\"status\":\"mocked\"},{\"name\":\"https\",\"status\":\"mocked\"},{\"name\":\"net\",\"status\":\"mocked\"}]"}}
[debug] [2020-09-22T19:34:37.107Z] [runtime-status] [1136] Resolved module firebase-functions {"declared":true,"installed":true,"version":"3.11.0","resolution":"C:\\Users\\rober\\OneDrive\\Desktop\\Kod\\Skola\\EgetAPI\\functions\\node_modules\\firebase-functions\\lib\\index.js"} {"metadata":{"emulator":{"name":"functions"},"message":"[runtime-status] [1136] Resolved module firebase-functions {\"declared\":true,\"installed\":true,\"version\":\"3.11.0\",\"resolution\":\"C:\\\\Users\\\\rober\\\\OneDrive\\\\Desktop\\\\Kod\\\\Skola\\\\EgetAPI\\\\functions\\\\node_modules\\\\firebase-functions\\\\lib\\\\index.js\"}"}}
[debug] [2020-09-22T19:34:37.138Z] [runtime-status] [1136] Checked functions.config() {"config":{}} {"metadata":{"emulator":{"name":"functions"},"message":"[runtime-status] [1136] Checked functions.config() {\"config\":{}}"}}
[debug] [2020-09-22T19:34:37.138Z] [runtime-status] [1136] firebase-functions has been stubbed. {"functionsResolution":{"declared":true,"installed":true,"version":"3.11.0","resolution":"C:\\Users\\rober\\OneDrive\\Desktop\\Kod\\Skola\\EgetAPI\\functions\\node_modules\\firebase-functions\\lib\\index.js"}} {"metadata":{"emulator":{"name":"functions"},"message":"[runtime-status] [1136] firebase-functions has been stubbed. {\"functionsResolution\":{\"declared\":true,\"installed\":true,\"version\":\"3.11.0\",\"resolution\":\"C:\\\\Users\\\\rober\\\\OneDrive\\\\Desktop\\\\Kod\\\\Skola\\\\EgetAPI\\\\functions\\\\node_modules\\\\firebase-functions\\\\lib\\\\index.js\"}}"}}
[debug] [2020-09-22T19:34:37.138Z] [runtime-status] [1136] Resolved module firebase-functions {"declared":true,"installed":true,"version":"3.11.0","resolution":"C:\\Users\\rober\\OneDrive\\Desktop\\Kod\\Skola\\EgetAPI\\functions\\node_modules\\firebase-functions\\lib\\index.js"} {"metadata":{"emulator":{"name":"functions"},"message":"[runtime-status] [1136] Resolved module firebase-functions {\"declared\":true,\"installed\":true,\"version\":\"3.11.0\",\"resolution\":\"C:\\\\Users\\\\rober\\\\OneDrive\\\\Desktop\\\\Kod\\\\Skola\\\\EgetAPI\\\\functions\\\\node_modules\\\\firebase-functions\\\\lib\\\\index.js\"}"}}
[debug] [2020-09-22T19:34:37.139Z] [runtime-status] [1136] Resolved module firebase-admin {"declared":true,"installed":true,"version":"8.13.0","resolution":"C:\\Users\\rober\\OneDrive\\Desktop\\Kod\\Skola\\EgetAPI\\functions\\node_modules\\firebase-admin\\lib\\index.js"} {"metadata":{"emulator":{"name":"functions"},"message":"[runtime-status] [1136] Resolved module firebase-admin {\"declared\":true,\"installed\":true,\"version\":\"8.13.0\",\"resolution\":\"C:\\\\Users\\\\rober\\\\OneDrive\\\\Desktop\\\\Kod\\\\Skola\\\\EgetAPI\\\\functions\\\\node_modules\\\\firebase-admin\\\\lib\\\\index.js\"}"}}
[debug] [2020-09-22T19:34:37.139Z] [runtime-status] [1136] Resolved module firebase-functions {"declared":true,"installed":true,"version":"3.11.0","resolution":"C:\\Users\\rober\\OneDrive\\Desktop\\Kod\\Skola\\EgetAPI\\functions\\node_modules\\firebase-functions\\lib\\index.js"} {"metadata":{"emulator":{"name":"functions"},"message":"[runtime-status] [1136] Resolved module firebase-functions {\"declared\":true,\"installed\":true,\"version\":\"3.11.0\",\"resolution\":\"C:\\\\Users\\\\rober\\\\OneDrive\\\\Desktop\\\\Kod\\\\Skola\\\\EgetAPI\\\\functions\\\\node_modules\\\\firebase-functions\\\\lib\\\\index.js\"}"}}
[debug] [2020-09-22T19:34:37.140Z] [runtime-status] [1136] firebase-admin has been stubbed. {"adminResolution":{"declared":true,"installed":true,"version":"8.13.0","resolution":"C:\\Users\\rober\\OneDrive\\Desktop\\Kod\\Skola\\EgetAPI\\functions\\node_modules\\firebase-admin\\lib\\index.js"}} {"metadata":{"emulator":{"name":"functions"},"message":"[runtime-status] [1136] firebase-admin has been stubbed. {\"adminResolution\":{\"declared\":true,\"installed\":true,\"version\":\"8.13.0\",\"resolution\":\"C:\\\\Users\\\\rober\\\\OneDrive\\\\Desktop\\\\Kod\\\\Skola\\\\EgetAPI\\\\functions\\\\node_modules\\\\firebase-admin\\\\lib\\\\index.js\"}}"}}
[debug] [2020-09-22T19:34:37.216Z] [runtime-status] [1136] initializeApp(DEFAULT) {"databaseURL":"https://egetapi.firebaseio.com","storageBucket":"egetapi.appspot.com","projectId":"egetapi"} {"metadata":{"emulator":{"name":"functions"},"message":"[runtime-status] [1136] initializeApp(DEFAULT) {\"databaseURL\":\"https://egetapi.firebaseio.com\",\"storageBucket\":\"egetapi.appspot.com\",\"projectId\":\"egetapi\"}"}}
[warn] !  functions: The Cloud Firestore emulator is not running, so calls to Firestore will affect production. {"metadata":{"emulator":{"name":"functions"},"message":"The Cloud Firestore emulator is not running, so calls to Firestore will affect production."}}
[info] +  functions[users]: http function initialized (http://localhost:5000/egetapi/us-central1/users). {"metadata":{"emulator":{"name":"functions"},"message":"\u001b[1mhttp\u001b[22m function initialized (http://localhost:5000/egetapi/us-central1/users)."}}
[info] +  functions[helloWorld]: http function initialized (http://localhost:5000/egetapi/us-central1/helloWorld). {"metadata":{"emulator":{"name":"functions"},"message":"\u001b[1mhttp\u001b[22m function initialized (http://localhost:5000/egetapi/us-central1/helloWorld)."}}
[debug] [2020-09-22T19:34:37.427Z] [worker-~diagnostic~-3fcb1583-e2e2-4efa-b820-d5a9b1b280a8]: IDLE {"metadata":{"emulator":{"name":"functions"},"message":"[worker-~diagnostic~-3fcb1583-e2e2-4efa-b820-d5a9b1b280a8]: IDLE"}}
[debug] [2020-09-22T19:34:54.481Z] [work-queue] {"queueLength":1,"workRunningCount":0}
[debug] [2020-09-22T19:34:54.481Z] [work-queue] {"queueLength":0,"workRunningCount":1}
[debug] [2020-09-22T19:34:54.481Z] Accepted request GET /egetapi/us-central1/users --> users
[debug] [2020-09-22T19:34:54.484Z] [worker-pool] addWorker(users) {"metadata":{"emulator":{"name":"functions"},"message":"[worker-pool] addWorker(users)"}}
[debug] [2020-09-22T19:34:54.484Z] [worker-pool] Adding worker with key users, total=1 {"metadata":{"emulator":{"name":"functions"},"message":"[worker-pool] Adding worker with key users, total=1"}}
[debug] [2020-09-22T19:34:54.484Z] [worker-pool] submitWork(triggerId=users) {"metadata":{"emulator":{"name":"functions"},"message":"[worker-pool] submitWork(triggerId=users)"}}
[debug] [2020-09-22T19:34:54.484Z] [worker-users-6d2c52b3-8519-408b-9a84-1db448699f88]: Assigning socketPath: \\?\pipe\C:\Users\rober\OneDrive\Desktop\Kod\Skola\EgetAPI\functions\13308 {"metadata":{"emulator":{"name":"functions"},"message":"[worker-users-6d2c52b3-8519-408b-9a84-1db448699f88]: Assigning socketPath: \\\\?\\pipe\\C:\\Users\\rober\\OneDrive\\Desktop\\Kod\\Skola\\EgetAPI\\functions\\13308"}}
[debug] [2020-09-22T19:34:54.484Z] [worker-users-6d2c52b3-8519-408b-9a84-1db448699f88]: BUSY {"metadata":{"emulator":{"name":"functions"},"message":"[worker-users-6d2c52b3-8519-408b-9a84-1db448699f88]: BUSY"}}
[debug] [2020-09-22T19:34:54.762Z] [runtime-status] [13308] Functions runtime initialized. {"cwd":"C:\\Users\\rober\\OneDrive\\Desktop\\Kod\\Skola\\EgetAPI\\functions","node_version":"12.18.3"} {"metadata":{"emulator":{"name":"functions"},"function":{"name":"users"},"message":"[runtime-status] [13308] Functions runtime initialized. {\"cwd\":\"C:\\\\Users\\\\rober\\\\OneDrive\\\\Desktop\\\\Kod\\\\Skola\\\\EgetAPI\\\\functions\",\"node_version\":\"12.18.3\"}"}}
[debug] [2020-09-22T19:34:54.764Z] [runtime-status] [13308] Disabled runtime features: undefined {"metadata":{"emulator":{"name":"functions"},"function":{"name":"users"},"message":"[runtime-status] [13308] Disabled runtime features: undefined"}}
[debug] [2020-09-22T19:34:54.768Z] [runtime-status] [13308] Resolved module firebase-admin {"declared":true,"installed":true,"version":"8.13.0","resolution":"C:\\Users\\rober\\OneDrive\\Desktop\\Kod\\Skola\\EgetAPI\\functions\\node_modules\\firebase-admin\\lib\\index.js"} {"metadata":{"emulator":{"name":"functions"},"function":{"name":"users"},"message":"[runtime-status] [13308] Resolved module firebase-admin {\"declared\":true,\"installed\":true,\"version\":\"8.13.0\",\"resolution\":\"C:\\\\Users\\\\rober\\\\OneDrive\\\\Desktop\\\\Kod\\\\Skola\\\\EgetAPI\\\\functions\\\\node_modules\\\\firebase-admin\\\\lib\\\\index.js\"}"}}
[debug] [2020-09-22T19:34:54.769Z] [runtime-status] [13308] Resolved module firebase-functions {"declared":true,"installed":true,"version":"3.11.0","resolution":"C:\\Users\\rober\\OneDrive\\Desktop\\Kod\\Skola\\EgetAPI\\functions\\node_modules\\firebase-functions\\lib\\index.js"} {"metadata":{"emulator":{"name":"functions"},"function":{"name":"users"},"message":"[runtime-status] [13308] Resolved module firebase-functions {\"declared\":true,\"installed\":true,\"version\":\"3.11.0\",\"resolution\":\"C:\\\\Users\\\\rober\\\\OneDrive\\\\Desktop\\\\Kod\\\\Skola\\\\EgetAPI\\\\functions\\\\node_modules\\\\firebase-functions\\\\lib\\\\index.js\"}"}}
[debug] [2020-09-22T19:34:54.769Z] [runtime-status] [13308] Resolved module firebase-functions {"declared":true,"installed":true,"version":"3.11.0","resolution":"C:\\Users\\rober\\OneDrive\\Desktop\\Kod\\Skola\\EgetAPI\\functions\\node_modules\\firebase-functions\\lib\\index.js"} {"metadata":{"emulator":{"name":"functions"},"function":{"name":"users"},"message":"[runtime-status] [13308] Resolved module firebase-functions {\"declared\":true,\"installed\":true,\"version\":\"3.11.0\",\"resolution\":\"C:\\\\Users\\\\rober\\\\OneDrive\\\\Desktop\\\\Kod\\\\Skola\\\\EgetAPI\\\\functions\\\\node_modules\\\\firebase-functions\\\\lib\\\\index.js\"}"}}
[debug] [2020-09-22T19:34:54.770Z] [runtime-status] [13308] Outgoing network have been stubbed. [{"name":"http","status":"mocked"},{"name":"http","status":"mocked"},{"name":"https","status":"mocked"},{"name":"https","status":"mocked"},{"name":"net","status":"mocked"}] {"metadata":{"emulator":{"name":"functions"},"function":{"name":"users"},"message":"[runtime-status] [13308] Outgoing network have been stubbed. [{\"name\":\"http\",\"status\":\"mocked\"},{\"name\":\"http\",\"status\":\"mocked\"},{\"name\":\"https\",\"status\":\"mocked\"},{\"name\":\"https\",\"status\":\"mocked\"},{\"name\":\"net\",\"status\":\"mocked\"}]"}}
[debug] [2020-09-22T19:34:54.771Z] [runtime-status] [13308] Resolved module firebase-functions {"declared":true,"installed":true,"version":"3.11.0","resolution":"C:\\Users\\rober\\OneDrive\\Desktop\\Kod\\Skola\\EgetAPI\\functions\\node_modules\\firebase-functions\\lib\\index.js"} {"metadata":{"emulator":{"name":"functions"},"function":{"name":"users"},"message":"[runtime-status] [13308] Resolved module firebase-functions {\"declared\":true,\"installed\":true,\"version\":\"3.11.0\",\"resolution\":\"C:\\\\Users\\\\rober\\\\OneDrive\\\\Desktop\\\\Kod\\\\Skola\\\\EgetAPI\\\\functions\\\\node_modules\\\\firebase-functions\\\\lib\\\\index.js\"}"}}
[debug] [2020-09-22T19:34:54.802Z] [runtime-status] [13308] Checked functions.config() {"config":{}} {"metadata":{"emulator":{"name":"functions"},"function":{"name":"users"},"message":"[runtime-status] [13308] Checked functions.config() {\"config\":{}}"}}
[debug] [2020-09-22T19:34:54.802Z] [runtime-status] [13308] firebase-functions has been stubbed. {"functionsResolution":{"declared":true,"installed":true,"version":"3.11.0","resolution":"C:\\Users\\rober\\OneDrive\\Desktop\\Kod\\Skola\\EgetAPI\\functions\\node_modules\\firebase-functions\\lib\\index.js"}} {"metadata":{"emulator":{"name":"functions"},"function":{"name":"users"},"message":"[runtime-status] [13308] firebase-functions has been stubbed. {\"functionsResolution\":{\"declared\":true,\"installed\":true,\"version\":\"3.11.0\",\"resolution\":\"C:\\\\Users\\\\rober\\\\OneDrive\\\\Desktop\\\\Kod\\\\Skola\\\\EgetAPI\\\\functions\\\\node_modules\\\\firebase-functions\\\\lib\\\\index.js\"}}"}}
[debug] [2020-09-22T19:34:54.803Z] [runtime-status] [13308] Resolved module firebase-functions {"declared":true,"installed":true,"version":"3.11.0","resolution":"C:\\Users\\rober\\OneDrive\\Desktop\\Kod\\Skola\\EgetAPI\\functions\\node_modules\\firebase-functions\\lib\\index.js"} {"metadata":{"emulator":{"name":"functions"},"function":{"name":"users"},"message":"[runtime-status] [13308] Resolved module firebase-functions {\"declared\":true,\"installed\":true,\"version\":\"3.11.0\",\"resolution\":\"C:\\\\Users\\\\rober\\\\OneDrive\\\\Desktop\\\\Kod\\\\Skola\\\\EgetAPI\\\\functions\\\\node_modules\\\\firebase-functions\\\\lib\\\\index.js\"}"}}
[debug] [2020-09-22T19:34:54.803Z] [runtime-status] [13308] Resolved module firebase-admin {"declared":true,"installed":true,"version":"8.13.0","resolution":"C:\\Users\\rober\\OneDrive\\Desktop\\Kod\\Skola\\EgetAPI\\functions\\node_modules\\firebase-admin\\lib\\index.js"} {"metadata":{"emulator":{"name":"functions"},"function":{"name":"users"},"message":"[runtime-status] [13308] Resolved module firebase-admin {\"declared\":true,\"installed\":true,\"version\":\"8.13.0\",\"resolution\":\"C:\\\\Users\\\\rober\\\\OneDrive\\\\Desktop\\\\Kod\\\\Skola\\\\EgetAPI\\\\functions\\\\node_modules\\\\firebase-admin\\\\lib\\\\index.js\"}"}}
[debug] [2020-09-22T19:34:54.804Z] [runtime-status] [13308] Resolved module firebase-functions {"declared":true,"installed":true,"version":"3.11.0","resolution":"C:\\Users\\rober\\OneDrive\\Desktop\\Kod\\Skola\\EgetAPI\\functions\\node_modules\\firebase-functions\\lib\\index.js"} {"metadata":{"emulator":{"name":"functions"},"function":{"name":"users"},"message":"[runtime-status] [13308] Resolved module firebase-functions {\"declared\":true,\"installed\":true,\"version\":\"3.11.0\",\"resolution\":\"C:\\\\Users\\\\rober\\\\OneDrive\\\\Desktop\\\\Kod\\\\Skola\\\\EgetAPI\\\\functions\\\\node_modules\\\\firebase-functions\\\\lib\\\\index.js\"}"}}
[debug] [2020-09-22T19:34:54.804Z] [runtime-status] [13308] firebase-admin has been stubbed. {"adminResolution":{"declared":true,"installed":true,"version":"8.13.0","resolution":"C:\\Users\\rober\\OneDrive\\Desktop\\Kod\\Skola\\EgetAPI\\functions\\node_modules\\firebase-admin\\lib\\index.js"}} {"metadata":{"emulator":{"name":"functions"},"function":{"name":"users"},"message":"[runtime-status] [13308] firebase-admin has been stubbed. {\"adminResolution\":{\"declared\":true,\"installed\":true,\"version\":\"8.13.0\",\"resolution\":\"C:\\\\Users\\\\rober\\\\OneDrive\\\\Desktop\\\\Kod\\\\Skola\\\\EgetAPI\\\\functions\\\\node_modules\\\\firebase-admin\\\\lib\\\\index.js\"}}"}}
[debug] [2020-09-22T19:34:54.882Z] [runtime-status] [13308] initializeApp(DEFAULT) {"databaseURL":"https://egetapi.firebaseio.com","storageBucket":"egetapi.appspot.com","projectId":"egetapi"} {"metadata":{"emulator":{"name":"functions"},"function":{"name":"users"},"message":"[runtime-status] [13308] initializeApp(DEFAULT) {\"databaseURL\":\"https://egetapi.firebaseio.com\",\"storageBucket\":\"egetapi.appspot.com\",\"projectId\":\"egetapi\"}"}}
[warn] !  functions: The Cloud Firestore emulator is not running, so calls to Firestore will affect production. {"metadata":{"emulator":{"name":"functions"},"function":{"name":"users"},"message":"The Cloud Firestore emulator is not running, so calls to Firestore will affect production."}}
[debug] [2020-09-22T19:34:55.094Z] [runtime-status] [13308] Trigger "users" has been found, beginning invocation! {"metadata":{"emulator":{"name":"functions"},"function":{"name":"users"},"message":"[runtime-status] [13308] Trigger \"users\" has been found, beginning invocation!"}}
[info] i  functions: Beginning execution of "users" {"metadata":{"emulator":{"name":"functions"},"function":{"name":"users"},"message":"Beginning execution of \"users\""}}
[debug] [2020-09-22T19:34:55.095Z] [runtime-status] [13308] triggerDefinition {"httpsTrigger":{},"name":"users","entryPoint":"users"} {"metadata":{"emulator":{"name":"functions"},"function":{"name":"users"},"message":"[runtime-status] [13308] triggerDefinition {\"httpsTrigger\":{},\"name\":\"users\",\"entryPoint\":\"users\"}"}}
[debug] [2020-09-22T19:34:55.095Z] [runtime-status] [13308] Running users in mode HTTPS {"metadata":{"emulator":{"name":"functions"},"function":{"name":"users"},"message":"[runtime-status] [13308] Running users in mode HTTPS"}}
[debug] [2020-09-22T19:34:55.097Z] [runtime-status] [13308] Attempting to listen to socketPath: \\?\pipe\C:\Users\rober\OneDrive\Desktop\Kod\Skola\EgetAPI\functions\13308 {"metadata":{"emulator":{"name":"functions"},"function":{"name":"users"},"message":"[runtime-status] [13308] Attempting to listen to socketPath: \\\\?\\pipe\\C:\\Users\\rober\\OneDrive\\Desktop\\Kod\\Skola\\EgetAPI\\functions\\13308"}}
[debug] [2020-09-22T19:34:55.100Z] [functions] Runtime ready! Sending request! {"metadata":{"emulator":{"name":"functions"},"message":"[functions] Runtime ready! Sending request!"}}
[debug] [2020-09-22T19:34:55.104Z] [runtime-status] [13308] Ephemeral server handling GET request {"metadata":{"emulator":{"name":"functions"},"function":{"name":"users"},"message":"[runtime-status] [13308] Ephemeral server handling GET request"}}
[debug] [2020-09-22T19:34:55.110Z] [runtime-status] [13308] Ephemeral server survived. {"metadata":{"emulator":{"name":"functions"},"function":{"name":"users"},"message":"[runtime-status] [13308] Ephemeral server survived."}}
[info] i  functions: Finished "users" in ~1s {"metadata":{"emulator":{"name":"functions"},"function":{"name":"users"},"message":"Finished \"users\" in ~1s"}}
[debug] [2020-09-22T19:34:55.111Z] [worker-users-6d2c52b3-8519-408b-9a84-1db448699f88]: IDLE {"metadata":{"emulator":{"name":"functions"},"message":"[worker-users-6d2c52b3-8519-408b-9a84-1db448699f88]: IDLE"}}
[debug] [2020-09-22T19:34:55.111Z] [work-queue] {"queueLength":0,"workRunningCount":0}
[debug] [2020-09-22T19:35:18.879Z] [work-queue] {"queueLength":1,"workRunningCount":0}
[debug] [2020-09-22T19:35:18.880Z] [work-queue] {"queueLength":0,"workRunningCount":1}
[debug] [2020-09-22T19:35:18.880Z] Accepted request GET /egetapi/us-central1/users --> users
[debug] [2020-09-22T19:35:18.880Z] [worker-pool] submitWork(triggerId=users) {"metadata":{"emulator":{"name":"functions"},"message":"[worker-pool] submitWork(triggerId=users)"}}
[debug] [2020-09-22T19:35:18.880Z] [worker-users-6d2c52b3-8519-408b-9a84-1db448699f88]: Assigning socketPath: \\?\pipe\C:\Users\rober\OneDrive\Desktop\Kod\Skola\EgetAPI\functions\13308 {"metadata":{"emulator":{"name":"functions"},"message":"[worker-users-6d2c52b3-8519-408b-9a84-1db448699f88]: Assigning socketPath: \\\\?\\pipe\\C:\\Users\\rober\\OneDrive\\Desktop\\Kod\\Skola\\EgetAPI\\functions\\13308"}}
[debug] [2020-09-22T19:35:18.880Z] [worker-users-6d2c52b3-8519-408b-9a84-1db448699f88]: BUSY {"metadata":{"emulator":{"name":"functions"},"message":"[worker-users-6d2c52b3-8519-408b-9a84-1db448699f88]: BUSY"}}
[debug] [2020-09-22T19:35:18.880Z] [runtime-status] [13308] Trigger "users" has been found, beginning invocation! {"metadata":{"emulator":{"name":"functions"},"function":{"name":"users"},"message":"[runtime-status] [13308] Trigger \"users\" has been found, beginning invocation!"}}
[info] i  functions: Beginning execution of "users" {"metadata":{"emulator":{"name":"functions"},"function":{"name":"users"},"message":"Beginning execution of \"users\""}}
[debug] [2020-09-22T19:35:18.881Z] [runtime-status] [13308] triggerDefinition {"httpsTrigger":{},"name":"users","entryPoint":"users"} {"metadata":{"emulator":{"name":"functions"},"function":{"name":"users"},"message":"[runtime-status] [13308] triggerDefinition {\"httpsTrigger\":{},\"name\":\"users\",\"entryPoint\":\"users\"}"}}
[debug] [2020-09-22T19:35:18.881Z] [runtime-status] [13308] Running users in mode HTTPS {"metadata":{"emulator":{"name":"functions"},"function":{"name":"users"},"message":"[runtime-status] [13308] Running users in mode HTTPS"}}
[debug] [2020-09-22T19:35:18.881Z] [runtime-status] [13308] Attempting to listen to socketPath: \\?\pipe\C:\Users\rober\OneDrive\Desktop\Kod\Skola\EgetAPI\functions\13308 {"metadata":{"emulator":{"name":"functions"},"function":{"name":"users"},"message":"[runtime-status] [13308] Attempting to listen to socketPath: \\\\?\\pipe\\C:\\Users\\rober\\OneDrive\\Desktop\\Kod\\Skola\\EgetAPI\\functions\\13308"}}
[debug] [2020-09-22T19:35:18.882Z] [functions] Runtime ready! Sending request! {"metadata":{"emulator":{"name":"functions"},"message":"[functions] Runtime ready! Sending request!"}}
[debug] [2020-09-22T19:35:18.884Z] [runtime-status] [13308] Ephemeral server handling GET request {"metadata":{"emulator":{"name":"functions"},"function":{"name":"users"},"message":"[runtime-status] [13308] Ephemeral server handling GET request"}}
[debug] [2020-09-22T19:35:18.885Z] [runtime-status] [13308] Ephemeral server survived. {"metadata":{"emulator":{"name":"functions"},"function":{"name":"users"},"message":"[runtime-status] [13308] Ephemeral server survived."}}
[info] i  functions: Finished "users" in ~1s {"metadata":{"emulator":{"name":"functions"},"function":{"name":"users"},"message":"Finished \"users\" in ~1s"}}
[debug] [2020-09-22T19:35:18.885Z] [worker-users-6d2c52b3-8519-408b-9a84-1db448699f88]: IDLE {"metadata":{"emulator":{"name":"functions"},"message":"[worker-users-6d2c52b3-8519-408b-9a84-1db448699f88]: IDLE"}}
[debug] [2020-09-22T19:35:18.885Z] [work-queue] {"queueLength":0,"workRunningCount":0}
[debug] [2020-09-22T19:35:26.301Z] [work-queue] {"queueLength":1,"workRunningCount":0}
[debug] [2020-09-22T19:35:26.301Z] [work-queue] {"queueLength":0,"workRunningCount":1}
[debug] [2020-09-22T19:35:26.301Z] Accepted request GET /egetapi/us-central1/users/a --> users
[debug] [2020-09-22T19:35:26.301Z] [worker-pool] submitWork(triggerId=users) {"metadata":{"emulator":{"name":"functions"},"message":"[worker-pool] submitWork(triggerId=users)"}}
[debug] [2020-09-22T19:35:26.301Z] [worker-users-6d2c52b3-8519-408b-9a84-1db448699f88]: Assigning socketPath: \\?\pipe\C:\Users\rober\OneDrive\Desktop\Kod\Skola\EgetAPI\functions\13308 {"metadata":{"emulator":{"name":"functions"},"message":"[worker-users-6d2c52b3-8519-408b-9a84-1db448699f88]: Assigning socketPath: \\\\?\\pipe\\C:\\Users\\rober\\OneDrive\\Desktop\\Kod\\Skola\\EgetAPI\\functions\\13308"}}
[debug] [2020-09-22T19:35:26.301Z] [worker-users-6d2c52b3-8519-408b-9a84-1db448699f88]: BUSY {"metadata":{"emulator":{"name":"functions"},"message":"[worker-users-6d2c52b3-8519-408b-9a84-1db448699f88]: BUSY"}}
[debug] [2020-09-22T19:35:26.301Z] [runtime-status] [13308] Trigger "users" has been found, beginning invocation! {"metadata":{"emulator":{"name":"functions"},"function":{"name":"users"},"message":"[runtime-status] [13308] Trigger \"users\" has been found, beginning invocation!"}}
[info] i  functions: Beginning execution of "users" {"metadata":{"emulator":{"name":"functions"},"function":{"name":"users"},"message":"Beginning execution of \"users\""}}
[debug] [2020-09-22T19:35:26.302Z] [runtime-status] [13308] triggerDefinition {"httpsTrigger":{},"name":"users","entryPoint":"users"} {"metadata":{"emulator":{"name":"functions"},"function":{"name":"users"},"message":"[runtime-status] [13308] triggerDefinition {\"httpsTrigger\":{},\"name\":\"users\",\"entryPoint\":\"users\"}"}}
[debug] [2020-09-22T19:35:26.302Z] [runtime-status] [13308] Running users in mode HTTPS {"metadata":{"emulator":{"name":"functions"},"function":{"name":"users"},"message":"[runtime-status] [13308] Running users in mode HTTPS"}}
[debug] [2020-09-22T19:35:26.302Z] [runtime-status] [13308] Attempting to listen to socketPath: \\?\pipe\C:\Users\rober\OneDrive\Desktop\Kod\Skola\EgetAPI\functions\13308 {"metadata":{"emulator":{"name":"functions"},"function":{"name":"users"},"message":"[runtime-status] [13308] Attempting to listen to socketPath: \\\\?\\pipe\\C:\\Users\\rober\\OneDrive\\Desktop\\Kod\\Skola\\EgetAPI\\functions\\13308"}}
[debug] [2020-09-22T19:35:26.303Z] [functions] Runtime ready! Sending request! {"metadata":{"emulator":{"name":"functions"},"message":"[functions] Runtime ready! Sending request!"}}
[debug] [2020-09-22T19:35:26.305Z] [runtime-status] [13308] Ephemeral server handling GET request {"metadata":{"emulator":{"name":"functions"},"function":{"name":"users"},"message":"[runtime-status] [13308] Ephemeral server handling GET request"}}
[debug] [2020-09-22T19:35:26.306Z] [runtime-status] [13308] Ephemeral server survived. {"metadata":{"emulator":{"name":"functions"},"function":{"name":"users"},"message":"[runtime-status] [13308] Ephemeral server survived."}}
[warn] !  Google API requested!
   - URL: "https://oauth2.googleapis.com/token"
   - Be careful, this may be a production service. {"metadata":{"emulator":{"name":"functions"},"function":{"name":"users"},"message":"Google API requested!\n   - URL: \"https://oauth2.googleapis.com/token\"\n   - Be careful, this may be a production service."}}
[info] i  functions: Finished "users" in ~1s {"metadata":{"emulator":{"name":"functions"},"function":{"name":"users"},"message":"Finished \"users\" in ~1s"}}
[debug] [2020-09-22T19:35:26.749Z] [worker-users-6d2c52b3-8519-408b-9a84-1db448699f88]: IDLE {"metadata":{"emulator":{"name":"functions"},"message":"[worker-users-6d2c52b3-8519-408b-9a84-1db448699f88]: IDLE"}}
[debug] [2020-09-22T19:35:26.749Z] [work-queue] {"queueLength":0,"workRunningCount":0}
[debug] [2020-09-22T19:36:48.481Z] File C:\Users\rober\OneDrive\Desktop\Kod\Skola\EgetAPI\functions\index.js changed, reloading triggers {"metadata":{"emulator":{"name":"functions"},"message":"File C:\\Users\\rober\\OneDrive\\Desktop\\Kod\\Skola\\EgetAPI\\functions\\index.js changed, reloading triggers"}}
[debug] [2020-09-22T19:36:49.483Z] [worker-pool] Shutting down IDLE worker (~diagnostic~) {"metadata":{"emulator":{"name":"functions"},"message":"[worker-pool] Shutting down IDLE worker (~diagnostic~)"}}
[debug] [2020-09-22T19:36:49.483Z] [worker-~diagnostic~-3fcb1583-e2e2-4efa-b820-d5a9b1b280a8]: FINISHING {"metadata":{"emulator":{"name":"functions"},"message":"[worker-~diagnostic~-3fcb1583-e2e2-4efa-b820-d5a9b1b280a8]: FINISHING"}}
[debug] [2020-09-22T19:36:49.483Z] [worker-pool] Shutting down IDLE worker (users) {"metadata":{"emulator":{"name":"functions"},"message":"[worker-pool] Shutting down IDLE worker (users)"}}
[debug] [2020-09-22T19:36:49.483Z] [worker-users-6d2c52b3-8519-408b-9a84-1db448699f88]: FINISHING {"metadata":{"emulator":{"name":"functions"},"message":"[worker-users-6d2c52b3-8519-408b-9a84-1db448699f88]: FINISHING"}}
[debug] [2020-09-22T19:36:49.486Z] [worker-pool] addWorker(~diagnostic~) {"metadata":{"emulator":{"name":"functions"},"message":"[worker-pool] addWorker(~diagnostic~)"}}
[debug] [2020-09-22T19:36:49.487Z] [worker-pool] Adding worker with key ~diagnostic~, total=2 {"metadata":{"emulator":{"name":"functions"},"message":"[worker-pool] Adding worker with key ~diagnostic~, total=2"}}
[debug] [2020-09-22T19:36:49.487Z] [worker-pool] submitWork(triggerId=) {"metadata":{"emulator":{"name":"functions"},"message":"[worker-pool] submitWork(triggerId=)"}}
[debug] [2020-09-22T19:36:49.487Z] [worker-~diagnostic~-9404f215-ecb2-469d-9779-91283b1f8583]: Assigning socketPath: \\?\pipe\C:\Users\rober\OneDrive\Desktop\Kod\Skola\EgetAPI\functions\14816 {"metadata":{"emulator":{"name":"functions"},"message":"[worker-~diagnostic~-9404f215-ecb2-469d-9779-91283b1f8583]: Assigning socketPath: \\\\?\\pipe\\C:\\Users\\rober\\OneDrive\\Desktop\\Kod\\Skola\\EgetAPI\\functions\\14816"}}
[debug] [2020-09-22T19:36:49.487Z] [worker-~diagnostic~-9404f215-ecb2-469d-9779-91283b1f8583]: BUSY {"metadata":{"emulator":{"name":"functions"},"message":"[worker-~diagnostic~-9404f215-ecb2-469d-9779-91283b1f8583]: BUSY"}}
[debug] [2020-09-22T19:36:49.490Z] [worker-~diagnostic~-3fcb1583-e2e2-4efa-b820-d5a9b1b280a8]: exited {"metadata":{"emulator":{"name":"functions"},"message":"[worker-~diagnostic~-3fcb1583-e2e2-4efa-b820-d5a9b1b280a8]: exited"}}
[debug] [2020-09-22T19:36:49.490Z] [worker-~diagnostic~-3fcb1583-e2e2-4efa-b820-d5a9b1b280a8]: FINISHED {"metadata":{"emulator":{"name":"functions"},"message":"[worker-~diagnostic~-3fcb1583-e2e2-4efa-b820-d5a9b1b280a8]: FINISHED"}}
[debug] [2020-09-22T19:36:49.491Z] [worker-users-6d2c52b3-8519-408b-9a84-1db448699f88]: exited {"metadata":{"emulator":{"name":"functions"},"message":"[worker-users-6d2c52b3-8519-408b-9a84-1db448699f88]: exited"}}
[debug] [2020-09-22T19:36:49.491Z] [worker-users-6d2c52b3-8519-408b-9a84-1db448699f88]: FINISHED {"metadata":{"emulator":{"name":"functions"},"message":"[worker-users-6d2c52b3-8519-408b-9a84-1db448699f88]: FINISHED"}}
[debug] [2020-09-22T19:36:49.768Z] [runtime-status] [14816] Functions runtime initialized. {"cwd":"C:\\Users\\rober\\OneDrive\\Desktop\\Kod\\Skola\\EgetAPI\\functions","node_version":"12.18.3"} {"metadata":{"emulator":{"name":"functions"},"message":"[runtime-status] [14816] Functions runtime initialized. {\"cwd\":\"C:\\\\Users\\\\rober\\\\OneDrive\\\\Desktop\\\\Kod\\\\Skola\\\\EgetAPI\\\\functions\",\"node_version\":\"12.18.3\"}"}}
[debug] [2020-09-22T19:36:49.770Z] [runtime-status] [14816] Disabled runtime features: undefined {"metadata":{"emulator":{"name":"functions"},"message":"[runtime-status] [14816] Disabled runtime features: undefined"}}
[debug] [2020-09-22T19:36:49.777Z] [runtime-status] [14816] Resolved module firebase-admin {"declared":true,"installed":true,"version":"8.13.0","resolution":"C:\\Users\\rober\\OneDrive\\Desktop\\Kod\\Skola\\EgetAPI\\functions\\node_modules\\firebase-admin\\lib\\index.js"} {"metadata":{"emulator":{"name":"functions"},"message":"[runtime-status] [14816] Resolved module firebase-admin {\"declared\":true,\"installed\":true,\"version\":\"8.13.0\",\"resolution\":\"C:\\\\Users\\\\rober\\\\OneDrive\\\\Desktop\\\\Kod\\\\Skola\\\\EgetAPI\\\\functions\\\\node_modules\\\\firebase-admin\\\\lib\\\\index.js\"}"}}
[debug] [2020-09-22T19:36:49.780Z] [runtime-status] [14816] Resolved module firebase-functions {"declared":true,"installed":true,"version":"3.11.0","resolution":"C:\\Users\\rober\\OneDrive\\Desktop\\Kod\\Skola\\EgetAPI\\functions\\node_modules\\firebase-functions\\lib\\index.js"} {"metadata":{"emulator":{"name":"functions"},"message":"[runtime-status] [14816] Resolved module firebase-functions {\"declared\":true,\"installed\":true,\"version\":\"3.11.0\",\"resolution\":\"C:\\\\Users\\\\rober\\\\OneDrive\\\\Desktop\\\\Kod\\\\Skola\\\\EgetAPI\\\\functions\\\\node_modules\\\\firebase-functions\\\\lib\\\\index.js\"}"}}
[debug] [2020-09-22T19:36:49.781Z] [runtime-status] [14816] Resolved module firebase-functions {"declared":true,"installed":true,"version":"3.11.0","resolution":"C:\\Users\\rober\\OneDrive\\Desktop\\Kod\\Skola\\EgetAPI\\functions\\node_modules\\firebase-functions\\lib\\index.js"} {"metadata":{"emulator":{"name":"functions"},"message":"[runtime-status] [14816] Resolved module firebase-functions {\"declared\":true,\"installed\":true,\"version\":\"3.11.0\",\"resolution\":\"C:\\\\Users\\\\rober\\\\OneDrive\\\\Desktop\\\\Kod\\\\Skola\\\\EgetAPI\\\\functions\\\\node_modules\\\\firebase-functions\\\\lib\\\\index.js\"}"}}
[debug] [2020-09-22T19:36:49.783Z] [runtime-status] [14816] Outgoing network have been stubbed. [{"name":"http","status":"mocked"},{"name":"http","status":"mocked"},{"name":"https","status":"mocked"},{"name":"https","status":"mocked"},{"name":"net","status":"mocked"}] {"metadata":{"emulator":{"name":"functions"},"message":"[runtime-status] [14816] Outgoing network have been stubbed. [{\"name\":\"http\",\"status\":\"mocked\"},{\"name\":\"http\",\"status\":\"mocked\"},{\"name\":\"https\",\"status\":\"mocked\"},{\"name\":\"https\",\"status\":\"mocked\"},{\"name\":\"net\",\"status\":\"mocked\"}]"}}
[debug] [2020-09-22T19:36:49.783Z] [runtime-status] [14816] Resolved module firebase-functions {"declared":true,"installed":true,"version":"3.11.0","resolution":"C:\\Users\\rober\\OneDrive\\Desktop\\Kod\\Skola\\EgetAPI\\functions\\node_modules\\firebase-functions\\lib\\index.js"} {"metadata":{"emulator":{"name":"functions"},"message":"[runtime-status] [14816] Resolved module firebase-functions {\"declared\":true,\"installed\":true,\"version\":\"3.11.0\",\"resolution\":\"C:\\\\Users\\\\rober\\\\OneDrive\\\\Desktop\\\\Kod\\\\Skola\\\\EgetAPI\\\\functions\\\\node_modules\\\\firebase-functions\\\\lib\\\\index.js\"}"}}
[debug] [2020-09-22T19:36:49.816Z] [runtime-status] [14816] Checked functions.config() {"config":{}} {"metadata":{"emulator":{"name":"functions"},"message":"[runtime-status] [14816] Checked functions.config() {\"config\":{}}"}}
[debug] [2020-09-22T19:36:49.816Z] [runtime-status] [14816] firebase-functions has been stubbed. {"functionsResolution":{"declared":true,"installed":true,"version":"3.11.0","resolution":"C:\\Users\\rober\\OneDrive\\Desktop\\Kod\\Skola\\EgetAPI\\functions\\node_modules\\firebase-functions\\lib\\index.js"}} {"metadata":{"emulator":{"name":"functions"},"message":"[runtime-status] [14816] firebase-functions has been stubbed. {\"functionsResolution\":{\"declared\":true,\"installed\":true,\"version\":\"3.11.0\",\"resolution\":\"C:\\\\Users\\\\rober\\\\OneDrive\\\\Desktop\\\\Kod\\\\Skola\\\\EgetAPI\\\\functions\\\\node_modules\\\\firebase-functions\\\\lib\\\\index.js\"}}"}}
[debug] [2020-09-22T19:36:49.816Z] [runtime-status] [14816] Resolved module firebase-functions {"declared":true,"installed":true,"version":"3.11.0","resolution":"C:\\Users\\rober\\OneDrive\\Desktop\\Kod\\Skola\\EgetAPI\\functions\\node_modules\\firebase-functions\\lib\\index.js"} {"metadata":{"emulator":{"name":"functions"},"message":"[runtime-status] [14816] Resolved module firebase-functions {\"declared\":true,\"installed\":true,\"version\":\"3.11.0\",\"resolution\":\"C:\\\\Users\\\\rober\\\\OneDrive\\\\Desktop\\\\Kod\\\\Skola\\\\EgetAPI\\\\functions\\\\node_modules\\\\firebase-functions\\\\lib\\\\index.js\"}"}}
[debug] [2020-09-22T19:36:49.817Z] [runtime-status] [14816] Resolved module firebase-admin {"declared":true,"installed":true,"version":"8.13.0","resolution":"C:\\Users\\rober\\OneDrive\\Desktop\\Kod\\Skola\\EgetAPI\\functions\\node_modules\\firebase-admin\\lib\\index.js"} {"metadata":{"emulator":{"name":"functions"},"message":"[runtime-status] [14816] Resolved module firebase-admin {\"declared\":true,\"installed\":true,\"version\":\"8.13.0\",\"resolution\":\"C:\\\\Users\\\\rober\\\\OneDrive\\\\Desktop\\\\Kod\\\\Skola\\\\EgetAPI\\\\functions\\\\node_modules\\\\firebase-admin\\\\lib\\\\index.js\"}"}}
[debug] [2020-09-22T19:36:49.818Z] [runtime-status] [14816] Resolved module firebase-functions {"declared":true,"installed":true,"version":"3.11.0","resolution":"C:\\Users\\rober\\OneDrive\\Desktop\\Kod\\Skola\\EgetAPI\\functions\\node_modules\\firebase-functions\\lib\\index.js"} {"metadata":{"emulator":{"name":"functions"},"message":"[runtime-status] [14816] Resolved module firebase-functions {\"declared\":true,\"installed\":true,\"version\":\"3.11.0\",\"resolution\":\"C:\\\\Users\\\\rober\\\\OneDrive\\\\Desktop\\\\Kod\\\\Skola\\\\EgetAPI\\\\functions\\\\node_modules\\\\firebase-functions\\\\lib\\\\index.js\"}"}}
[debug] [2020-09-22T19:36:49.818Z] [runtime-status] [14816] firebase-admin has been stubbed. {"adminResolution":{"declared":true,"installed":true,"version":"8.13.0","resolution":"C:\\Users\\rober\\OneDrive\\Desktop\\Kod\\Skola\\EgetAPI\\functions\\node_modules\\firebase-admin\\lib\\index.js"}} {"metadata":{"emulator":{"name":"functions"},"message":"[runtime-status] [14816] firebase-admin has been stubbed. {\"adminResolution\":{\"declared\":true,\"installed\":true,\"version\":\"8.13.0\",\"resolution\":\"C:\\\\Users\\\\rober\\\\OneDrive\\\\Desktop\\\\Kod\\\\Skola\\\\EgetAPI\\\\functions\\\\node_modules\\\\firebase-admin\\\\lib\\\\index.js\"}}"}}
[debug] [2020-09-22T19:36:49.895Z] [runtime-status] [14816] initializeApp(DEFAULT) {"databaseURL":"https://egetapi.firebaseio.com","storageBucket":"egetapi.appspot.com","projectId":"egetapi"} {"metadata":{"emulator":{"name":"functions"},"message":"[runtime-status] [14816] initializeApp(DEFAULT) {\"databaseURL\":\"https://egetapi.firebaseio.com\",\"storageBucket\":\"egetapi.appspot.com\",\"projectId\":\"egetapi\"}"}}
[warn] !  functions: The Cloud Firestore emulator is not running, so calls to Firestore will affect production. {"metadata":{"emulator":{"name":"functions"},"message":"The Cloud Firestore emulator is not running, so calls to Firestore will affect production."}}
[debug] [2020-09-22T19:36:50.106Z] [worker-~diagnostic~-9404f215-ecb2-469d-9779-91283b1f8583]: IDLE {"metadata":{"emulator":{"name":"functions"},"message":"[worker-~diagnostic~-9404f215-ecb2-469d-9779-91283b1f8583]: IDLE"}}
